This is pdfTeX, Version 3.141592653-2.6-1.40.26 (TeX Live 2025/dev/Debian) (preloaded format=pdflatex 2025.10.14)  17 OCT 2025 15:50
entering extended mode
 restricted \write18 enabled.
 %&-line parsing enabled.
**spec.tex
(./spec.tex
LaTeX2e <2024-11-01> patch level 2
L3 programming layer <2025-01-18>
(/usr/share/texlive/texmf-dist/tex/latex/base/article.cls
Document Class: article 2024/06/29 v1.4n Standard LaTeX document class
(/usr/share/texlive/texmf-dist/tex/latex/base/size10.clo
File: size10.clo 2024/06/29 v1.4n Standard LaTeX file (size option)
)
\c@part=\count196
\c@section=\count197
\c@subsection=\count198
\c@subsubsection=\count199
\c@paragraph=\count266
\c@subparagraph=\count267
\c@figure=\count268
\c@table=\count269
\abovecaptionskip=\skip49
\belowcaptionskip=\skip50
\bibindent=\dimen141
)
(/usr/share/texlive/texmf-dist/tex/latex/base/fontenc.sty
Package: fontenc 2021/04/29 v2.0v Standard LaTeX package
)
(/usr/share/texlive/texmf-dist/tex/latex/base/inputenc.sty
Package: inputenc 2024/02/08 v1.3d Input encoding file
\inpenc@prehook=\toks17
\inpenc@posthook=\toks18
)
(/usr/share/texmf/tex/latex/lm/lmodern.sty
Package: lmodern 2015/05/01 v1.6.1 Latin Modern Fonts
LaTeX Font Info:    Overwriting symbol font `operators' in version `normal'
(Font)                  OT1/cmr/m/n --> OT1/lmr/m/n on input line 22.
LaTeX Font Info:    Overwriting symbol font `letters' in version `normal'
(Font)                  OML/cmm/m/it --> OML/lmm/m/it on input line 23.
LaTeX Font Info:    Overwriting symbol font `symbols' in version `normal'
(Font)                  OMS/cmsy/m/n --> OMS/lmsy/m/n on input line 24.
LaTeX Font Info:    Overwriting symbol font `largesymbols' in version `normal'
(Font)                  OMX/cmex/m/n --> OMX/lmex/m/n on input line 25.
LaTeX Font Info:    Overwriting symbol font `operators' in version `bold'
(Font)                  OT1/cmr/bx/n --> OT1/lmr/bx/n on input line 26.
LaTeX Font Info:    Overwriting symbol font `letters' in version `bold'
(Font)                  OML/cmm/b/it --> OML/lmm/b/it on input line 27.
LaTeX Font Info:    Overwriting symbol font `symbols' in version `bold'
(Font)                  OMS/cmsy/b/n --> OMS/lmsy/b/n on input line 28.
LaTeX Font Info:    Overwriting symbol font `largesymbols' in version `bold'
(Font)                  OMX/cmex/m/n --> OMX/lmex/m/n on input line 29.
LaTeX Font Info:    Overwriting math alphabet `\mathbf' in version `normal'
(Font)                  OT1/cmr/bx/n --> OT1/lmr/bx/n on input line 31.
LaTeX Font Info:    Overwriting math alphabet `\mathsf' in version `normal'
(Font)                  OT1/cmss/m/n --> OT1/lmss/m/n on input line 32.
LaTeX Font Info:    Overwriting math alphabet `\mathit' in version `normal'
(Font)                  OT1/cmr/m/it --> OT1/lmr/m/it on input line 33.
LaTeX Font Info:    Overwriting math alphabet `\mathtt' in version `normal'
(Font)                  OT1/cmtt/m/n --> OT1/lmtt/m/n on input line 34.
LaTeX Font Info:    Overwriting math alphabet `\mathbf' in version `bold'
(Font)                  OT1/cmr/bx/n --> OT1/lmr/bx/n on input line 35.
LaTeX Font Info:    Overwriting math alphabet `\mathsf' in version `bold'
(Font)                  OT1/cmss/bx/n --> OT1/lmss/bx/n on input line 36.
LaTeX Font Info:    Overwriting math alphabet `\mathit' in version `bold'
(Font)                  OT1/cmr/bx/it --> OT1/lmr/bx/it on input line 37.
LaTeX Font Info:    Overwriting math alphabet `\mathtt' in version `bold'
(Font)                  OT1/cmtt/m/n --> OT1/lmtt/m/n on input line 38.
)
(/usr/share/texlive/texmf-dist/tex/latex/amsmath/amsmath.sty
Package: amsmath 2024/11/05 v2.17t AMS math features
\@mathmargin=\skip51

For additional information on amsmath, use the `?' option.
(/usr/share/texlive/texmf-dist/tex/latex/amsmath/amstext.sty
Package: amstext 2021/08/26 v2.01 AMS text

(/usr/share/texlive/texmf-dist/tex/latex/amsmath/amsgen.sty
File: amsgen.sty 1999/11/30 v2.0 generic functions
\@emptytoks=\toks19
\ex@=\dimen142
))
(/usr/share/texlive/texmf-dist/tex/latex/amsmath/amsbsy.sty
Package: amsbsy 1999/11/29 v1.2d Bold Symbols
\pmbraise@=\dimen143
)
(/usr/share/texlive/texmf-dist/tex/latex/amsmath/amsopn.sty
Package: amsopn 2022/04/08 v2.04 operator names
)
\inf@bad=\count270
LaTeX Info: Redefining \frac on input line 233.
\uproot@=\count271
\leftroot@=\count272
LaTeX Info: Redefining \overline on input line 398.
LaTeX Info: Redefining \colon on input line 409.
\classnum@=\count273
\DOTSCASE@=\count274
LaTeX Info: Redefining \ldots on input line 495.
LaTeX Info: Redefining \dots on input line 498.
LaTeX Info: Redefining \cdots on input line 619.
\Mathstrutbox@=\box52
\strutbox@=\box53
LaTeX Info: Redefining \big on input line 721.
LaTeX Info: Redefining \Big on input line 722.
LaTeX Info: Redefining \bigg on input line 723.
LaTeX Info: Redefining \Bigg on input line 724.
\big@size=\dimen144
LaTeX Font Info:    Redeclaring font encoding OML on input line 742.
LaTeX Font Info:    Redeclaring font encoding OMS on input line 743.
\macc@depth=\count275
LaTeX Info: Redefining \bmod on input line 904.
LaTeX Info: Redefining \pmod on input line 909.
LaTeX Info: Redefining \smash on input line 939.
LaTeX Info: Redefining \relbar on input line 969.
LaTeX Info: Redefining \Relbar on input line 970.
\c@MaxMatrixCols=\count276
\dotsspace@=\muskip17
\c@parentequation=\count277
\dspbrk@lvl=\count278
\tag@help=\toks20
\row@=\count279
\column@=\count280
\maxfields@=\count281
\andhelp@=\toks21
\eqnshift@=\dimen145
\alignsep@=\dimen146
\tagshift@=\dimen147
\tagwidth@=\dimen148
\totwidth@=\dimen149
\lineht@=\dimen150
\@envbody=\toks22
\multlinegap=\skip52
\multlinetaggap=\skip53
\mathdisplay@stack=\toks23
LaTeX Info: Redefining \[ on input line 2953.
LaTeX Info: Redefining \] on input line 2954.
)
(/usr/share/texlive/texmf-dist/tex/latex/tools/tabularx.sty
Package: tabularx 2023/12/11 v2.12a `tabularx' package (DPC)

(/usr/share/texlive/texmf-dist/tex/latex/tools/array.sty
Package: array 2024/10/17 v2.6g Tabular extension package (FMi)
\col@sep=\dimen151
\ar@mcellbox=\box54
\extrarowheight=\dimen152
\NC@list=\toks24
\extratabsurround=\skip54
\backup@length=\skip55
\ar@cellbox=\box55
)
\TX@col@width=\dimen153
\TX@old@table=\dimen154
\TX@old@col=\dimen155
\TX@target=\dimen156
\TX@delta=\dimen157
\TX@cols=\count282
\TX@ftn=\toks25
)
(/usr/share/texlive/texmf-dist/tex/latex/booktabs/booktabs.sty
Package: booktabs 2020/01/12 v1.61803398 Publication quality tables
\heavyrulewidth=\dimen158
\lightrulewidth=\dimen159
\cmidrulewidth=\dimen160
\belowrulesep=\dimen161
\belowbottomsep=\dimen162
\aboverulesep=\dimen163
\abovetopsep=\dimen164
\cmidrulesep=\dimen165
\cmidrulekern=\dimen166
\defaultaddspace=\dimen167
\@cmidla=\count283
\@cmidlb=\count284
\@aboverulesep=\dimen168
\@belowrulesep=\dimen169
\@thisruleclass=\count285
\@lastruleclass=\count286
\@thisrulewidth=\dimen170
)
(/usr/share/texlive/texmf-dist/tex/latex/caption/subcaption.sty
Package: subcaption 2023/07/28 v1.6b Sub-captions (AR)

(/usr/share/texlive/texmf-dist/tex/latex/caption/caption.sty
Package: caption 2023/08/05 v3.6o Customizing captions (AR)

(/usr/share/texlive/texmf-dist/tex/latex/caption/caption3.sty
Package: caption3 2023/07/31 v2.4d caption3 kernel (AR)

(/usr/share/texlive/texmf-dist/tex/latex/graphics/keyval.sty
Package: keyval 2022/05/29 v1.15 key=value parser (DPC)
\KV@toks@=\toks26
)
\caption@tempdima=\dimen171
\captionmargin=\dimen172
\caption@leftmargin=\dimen173
\caption@rightmargin=\dimen174
\caption@width=\dimen175
\caption@indent=\dimen176
\caption@parindent=\dimen177
\caption@hangindent=\dimen178
Package caption Info: Standard document class detected.
)
\c@caption@flags=\count287
\c@continuedfloat=\count288
)
Package caption Info: New subtype `subfigure' on input line 238.
\c@subfigure=\count289
Package caption Info: New subtype `subtable' on input line 238.
\c@subtable=\count290
)
(/usr/share/texlive/texmf-dist/tex/latex/ltablex/ltablex.sty
Package: ltablex 2014/08/13 v1.1 Modified tabularx

(/usr/share/texlive/texmf-dist/tex/latex/tools/longtable.sty
Package: longtable 2024-10-27 v4.22 Multi-page Table package (DPC)
\LTleft=\skip56
\LTright=\skip57
\LTpre=\skip58
\LTpost=\skip59
\LTchunksize=\count291
\LTcapwidth=\dimen179
\LT@head=\box56
\LT@firsthead=\box57
\LT@foot=\box58
\LT@lastfoot=\box59
\LT@gbox=\box60
\LT@cols=\count292
\LT@rows=\count293
\c@LT@tables=\count294
\c@LT@chunks=\count295
\LT@p@ftn=\toks27
))
(/usr/share/texlive/texmf-dist/tex/latex/needspace/needspace.sty
Package: needspace 2010/09/12 v1.3d reserve vertical space
)
(/usr/share/texlive/texmf-dist/tex/latex/geometry/geometry.sty
Package: geometry 2020/01/02 v5.9 Page Geometry

(/usr/share/texlive/texmf-dist/tex/generic/iftex/ifvtex.sty
Package: ifvtex 2019/10/25 v1.7 ifvtex legacy package. Use iftex instead.

(/usr/share/texlive/texmf-dist/tex/generic/iftex/iftex.sty
Package: iftex 2024/12/12 v1.0g TeX engine tests
))
\Gm@cnth=\count296
\Gm@cntv=\count297
\c@Gm@tempcnt=\count298
\Gm@bindingoffset=\dimen180
\Gm@wd@mp=\dimen181
\Gm@odd@mp=\dimen182
\Gm@even@mp=\dimen183
\Gm@layoutwidth=\dimen184
\Gm@layoutheight=\dimen185
\Gm@layouthoffset=\dimen186
\Gm@layoutvoffset=\dimen187
\Gm@dimlist=\toks28
)
(/usr/share/texlive/texmf-dist/tex/latex/bytefield/bytefield.sty
Package: bytefield 2025/01/25 v2.9 Network protocol diagrams

(/usr/share/texlive/texmf-dist/tex/latex/tools/calc.sty
Package: calc 2023/07/08 v4.3 Infix arithmetic (KKT,FJ)
\calc@Acount=\count299
\calc@Bcount=\count300
\calc@Adimen=\dimen188
\calc@Bdimen=\dimen189
\calc@Askip=\skip60
\calc@Bskip=\skip61
LaTeX Info: Redefining \setlength on input line 80.
LaTeX Info: Redefining \addtolength on input line 81.
\calc@Ccount=\count301
\calc@Cskip=\skip62
)
\bytefield@height=\skip63
\bytefield@height@increment=\skip64
\entire@bytefield@picture=\box61
\bf@bitwidth=\skip65
\bf@bitheight=\skip66
\units@wide=\skip67
\units@tall=\skip68
\units@high=\skip69
\header@xpos=\skip70
\c@header@val=\count302
\c@max@header@val=\count303
\curly@box=\box62
\wordlabelr@start=\skip71
\wordlabelr@end=\skip72
\wordlabell@start=\skip73
\wordlabell@end=\skip74
\total@lbox@width=\skip75
\label@box@width=\skip76
\label@box@height=\skip77
\word@label@box=\box63
)
(/usr/share/texlive/texmf-dist/tex/latex/pdflscape/pdflscape.sty
Package: pdflscape 2022-10-27 v0.13 Display of landscape pages in PDF

(/usr/share/texlive/texmf-dist/tex/latex/pdflscape/pdflscape-nometadata.sty
Package: pdflscape-nometadata 2022-10-28 v0.13 Display of landscape pages in PD
F (HO)

(/usr/share/texlive/texmf-dist/tex/latex/graphics/lscape.sty
Package: lscape 2020/05/28 v3.02 Landscape Pages (DPC)

(/usr/share/texlive/texmf-dist/tex/latex/graphics/graphics.sty
Package: graphics 2024/08/06 v1.4g Standard LaTeX Graphics (DPC,SPQR)

(/usr/share/texlive/texmf-dist/tex/latex/graphics/trig.sty
Package: trig 2023/12/02 v1.11 sin cos tan (DPC)
)
(/usr/share/texlive/texmf-dist/tex/latex/graphics-cfg/graphics.cfg
File: graphics.cfg 2016/06/04 v1.11 sample graphics configuration
)
Package graphics Info: Driver file: pdftex.def on input line 106.

(/usr/share/texlive/texmf-dist/tex/latex/graphics-def/pdftex.def
File: pdftex.def 2024/04/13 v1.2c Graphics/color driver for pdftex
)))
Package pdflscape Info: Auto-detected driver: pdftex on input line 81.
))
(/usr/share/texlive/texmf-dist/tex/latex/graphics/graphicx.sty
Package: graphicx 2021/09/16 v1.2d Enhanced LaTeX Graphics (DPC,SPQR)
\Gin@req@height=\dimen190
\Gin@req@width=\dimen191
)
(/usr/share/texlive/texmf-dist/tex/latex/makecell/makecell.sty
Package: makecell 2009/08/03 V0.1e Managing of Tab Column Heads and Cells
\rotheadsize=\dimen192
\c@nlinenum=\count304
\TeXr@lab=\toks29
)

Package array Warning: Column Y is already defined on input line 49.

LaTeX Font Info:    Trying to load font information for T1+lmr on input line 64
.
(/usr/share/texmf/tex/latex/lm/t1lmr.fd
File: t1lmr.fd 2015/05/01 v1.6.1 Font defs for Latin Modern
)
(/usr/share/texlive/texmf-dist/tex/latex/l3backend/l3backend-pdftex.def
File: l3backend-pdftex.def 2024-05-08 L3 backend support: PDF output (pdfTeX)
\l__color_backend_stack_int=\count305
\l__pdf_internal_box=\box64
)
(./spec.aux)
\openout1 = `spec.aux'.

LaTeX Font Info:    Checking defaults for OML/cmm/m/it on input line 64.
LaTeX Font Info:    ... okay on input line 64.
LaTeX Font Info:    Checking defaults for OMS/cmsy/m/n on input line 64.
LaTeX Font Info:    ... okay on input line 64.
LaTeX Font Info:    Checking defaults for OT1/cmr/m/n on input line 64.
LaTeX Font Info:    ... okay on input line 64.
LaTeX Font Info:    Checking defaults for T1/cmr/m/n on input line 64.
LaTeX Font Info:    ... okay on input line 64.
LaTeX Font Info:    Checking defaults for TS1/cmr/m/n on input line 64.
LaTeX Font Info:    ... okay on input line 64.
LaTeX Font Info:    Checking defaults for OMX/cmex/m/n on input line 64.
LaTeX Font Info:    ... okay on input line 64.
LaTeX Font Info:    Checking defaults for U/cmr/m/n on input line 64.
LaTeX Font Info:    ... okay on input line 64.
Package caption Info: Begin \AtBeginDocument code.
Package caption Info: longtable package is loaded.
 (/usr/share/texlive/texmf-dist/tex/latex/caption/ltcaption.sty
Package: ltcaption 2021/01/08 v1.4c longtable captions (AR)
)
Package caption Info: End \AtBeginDocument code.

*geometry* driver: auto-detecting
*geometry* detected driver: pdftex
*geometry* verbose mode - [ preamble ] result:
* driver: pdftex
* paper: a4paper
* layout: <same size as paper>
* layoutoffset:(h,v)=(0.0pt,0.0pt)
* modes: 
* h-part:(L,W,R)=(72.26999pt, 452.9679pt, 72.26999pt)
* v-part:(T,H,B)=(72.26999pt, 700.50687pt, 72.26999pt)
* \paperwidth=597.50787pt
* \paperheight=845.04684pt
* \textwidth=452.9679pt
* \textheight=700.50687pt
* \oddsidemargin=0.0pt
* \evensidemargin=0.0pt
* \topmargin=-37.0pt
* \headheight=12.0pt
* \headsep=25.0pt
* \topskip=10.0pt
* \footskip=30.0pt
* \marginparwidth=65.0pt
* \marginparsep=11.0pt
* \columnsep=10.0pt
* \skip\footins=9.0pt plus 4.0pt minus 2.0pt
* \hoffset=0.0pt
* \voffset=0.0pt
* \mag=1000
* \@twocolumnfalse
* \@twosidefalse
* \@mparswitchfalse
* \@reversemarginfalse
* (1in=72.27pt=25.4mm, 1cm=28.453pt)

(/usr/share/texlive/texmf-dist/tex/context/base/mkii/supp-pdf.mkii
[Loading MPS to PDF converter (version 2006.09.02).]
\scratchcounter=\count306
\scratchdimen=\dimen193
\scratchbox=\box65
\nofMPsegments=\count307
\nofMParguments=\count308
\everyMPshowfont=\toks30
\MPscratchCnt=\count309
\MPscratchDim=\dimen194
\MPnumerator=\count310
\makeMPintoPDFobject=\count311
\everyMPtoPDFconversion=\toks31
) (/usr/share/texlive/texmf-dist/tex/latex/epstopdf-pkg/epstopdf-base.sty
Package: epstopdf-base 2020-01-24 v2.11 Base part for package epstopdf
Package epstopdf-base Info: Redefining graphics rule for `.eps' on input line 4
85.

(/usr/share/texlive/texmf-dist/tex/latex/latexconfig/epstopdf-sys.cfg
File: epstopdf-sys.cfg 2010/07/13 v1.3 Configuration of (r)epstopdf for TeX Liv
e
))

[1

{/var/lib/texmf/fonts/map/pdftex/updmap/pdftex.map}{/usr/share/texmf/fonts/enc/
dvips/lm/lm-ec.enc}]
\width=\dimen195 (locally)
\height=\dimen196 (locally)
\depth=\dimen197 (locally)
\totalheight=\dimen198 (locally)
LaTeX Font Info:    Trying to load font information for OT1+lmr on input line 9
7.
 (/usr/share/texmf/tex/latex/lm/ot1lmr.fd
File: ot1lmr.fd 2015/05/01 v1.6.1 Font defs for Latin Modern
)
LaTeX Font Info:    Trying to load font information for OML+lmm on input line 9
7.

(/usr/share/texmf/tex/latex/lm/omllmm.fd
File: omllmm.fd 2015/05/01 v1.6.1 Font defs for Latin Modern
)
LaTeX Font Info:    Trying to load font information for OMS+lmsy on input line 
97.

(/usr/share/texmf/tex/latex/lm/omslmsy.fd
File: omslmsy.fd 2015/05/01 v1.6.1 Font defs for Latin Modern
)
LaTeX Font Info:    Trying to load font information for OMX+lmex on input line 
97.

(/usr/share/texmf/tex/latex/lm/omxlmex.fd
File: omxlmex.fd 2015/05/01 v1.6.1 Font defs for Latin Modern
)
LaTeX Font Info:    External font `lmex10' loaded for size
(Font)              <7> on input line 97.
LaTeX Font Info:    External font `lmex10' loaded for size
(Font)              <5> on input line 97.
LaTeX Font Info:    External font `lmex10' loaded for size
(Font)              <10> on input line 97.
\width=\dimen195 (locally)
\height=\dimen196 (locally)
\depth=\dimen197 (locally)
\totalheight=\dimen198 (locally)
\width=\dimen195 (locally)
\height=\dimen196 (locally)
\depth=\dimen197 (locally)
\totalheight=\dimen198 (locally)
\width=\dimen195 (locally)
\height=\dimen196 (locally)
\depth=\dimen197 (locally)
\totalheight=\dimen198 (locally)

Underfull \hbox (badness 10000) in paragraph at lines 100--100
[]
 []


Overfull \hbox (3.23589pt too wide) in paragraph at lines 100--100
[]
 []

\width=\dimen195 (locally)
\height=\dimen196 (locally)
\depth=\dimen197 (locally)
\totalheight=\dimen198 (locally)

Underfull \hbox (badness 10000) in paragraph at lines 101--101
[]
 []


Overfull \hbox (3.23589pt too wide) in paragraph at lines 101--101
[]
 []

\width=\dimen195 (locally)
\height=\dimen196 (locally)
\depth=\dimen197 (locally)
\totalheight=\dimen198 (locally)

Underfull \hbox (badness 10000) in paragraph at lines 102--102
[]
 []


Overfull \hbox (3.23589pt too wide) in paragraph at lines 102--102
[]
 []

\width=\dimen195 (locally)
\height=\dimen196 (locally)
\depth=\dimen197 (locally)
\totalheight=\dimen198 (locally)
\width=\dimen195 (locally)
\height=\dimen196 (locally)
\depth=\dimen197 (locally)
\totalheight=\dimen198 (locally)
\curly@height=\dimen195 (locally)
\half@curly@height=\dimen196 (locally)
\curly@shift=\dimen197 (locally)
\total@box@width=\dimen195 (locally)

Overfull \hbox (22.5202pt too wide) in paragraph at lines 106--107
[] 
 []

\width=\dimen195 (locally)
\height=\dimen196 (locally)
\depth=\dimen197 (locally)
\totalheight=\dimen198 (locally)
\width=\dimen195 (locally)
\height=\dimen196 (locally)
\depth=\dimen197 (locally)
\totalheight=\dimen198 (locally)
\width=\dimen195 (locally)
\height=\dimen196 (locally)
\depth=\dimen197 (locally)
\totalheight=\dimen198 (locally)
\width=\dimen195 (locally)
\height=\dimen196 (locally)
\depth=\dimen197 (locally)
\totalheight=\dimen198 (locally)

Underfull \hbox (badness 10000) in paragraph at lines 118--118
[]
 []


Overfull \hbox (3.23589pt too wide) in paragraph at lines 118--118
[]
 []

\width=\dimen195 (locally)
\height=\dimen196 (locally)
\depth=\dimen197 (locally)
\totalheight=\dimen198 (locally)

Underfull \hbox (badness 10000) in paragraph at lines 119--119
[]
 []


Overfull \hbox (3.23589pt too wide) in paragraph at lines 119--119
[]
 []

\width=\dimen195 (locally)
\height=\dimen196 (locally)
\depth=\dimen197 (locally)
\totalheight=\dimen198 (locally)
\curly@height=\dimen195 (locally)
\half@curly@height=\dimen196 (locally)
\curly@shift=\dimen197 (locally)
\total@box@width=\dimen195 (locally)

Overfull \hbox (18.7702pt too wide) in paragraph at lines 122--123
[] 
 []

\width=\dimen195 (locally)
\height=\dimen196 (locally)
\depth=\dimen197 (locally)
\totalheight=\dimen198 (locally)
\width=\dimen195 (locally)
\height=\dimen196 (locally)
\depth=\dimen197 (locally)
\totalheight=\dimen198 (locally)
\width=\dimen195 (locally)
\height=\dimen196 (locally)
\depth=\dimen197 (locally)
\totalheight=\dimen198 (locally)
\width=\dimen195 (locally)
\height=\dimen196 (locally)
\depth=\dimen197 (locally)
\totalheight=\dimen198 (locally)

Underfull \hbox (badness 10000) in paragraph at lines 134--134
[]
 []


Overfull \hbox (3.23589pt too wide) in paragraph at lines 134--134
[]
 []

\width=\dimen195 (locally)
\height=\dimen196 (locally)
\depth=\dimen197 (locally)
\totalheight=\dimen198 (locally)
\width=\dimen195 (locally)
\height=\dimen196 (locally)
\depth=\dimen197 (locally)
\totalheight=\dimen198 (locally)
\curly@height=\dimen195 (locally)
\half@curly@height=\dimen196 (locally)
\curly@shift=\dimen197 (locally)
\total@box@width=\dimen195 (locally)

Overfull \hbox (27.79822pt too wide) in paragraph at lines 138--139
[] 
 []

\width=\dimen195 (locally)
\height=\dimen196 (locally)
\depth=\dimen197 (locally)
\totalheight=\dimen198 (locally)
\width=\dimen195 (locally)
\height=\dimen196 (locally)
\depth=\dimen197 (locally)
\totalheight=\dimen198 (locally)
\width=\dimen195 (locally)
\height=\dimen196 (locally)
\depth=\dimen197 (locally)
\totalheight=\dimen198 (locally)
\width=\dimen195 (locally)
\height=\dimen196 (locally)
\depth=\dimen197 (locally)
\totalheight=\dimen198 (locally)

Underfull \hbox (badness 10000) in paragraph at lines 150--150
[]
 []


Overfull \hbox (3.23589pt too wide) in paragraph at lines 150--150
[]
 []

\width=\dimen195 (locally)
\height=\dimen196 (locally)
\depth=\dimen197 (locally)
\totalheight=\dimen198 (locally)
\width=\dimen195 (locally)
\height=\dimen196 (locally)
\depth=\dimen197 (locally)
\totalheight=\dimen198 (locally)
\width=\dimen195 (locally)
\height=\dimen196 (locally)
\depth=\dimen197 (locally)
\totalheight=\dimen198 (locally)
\width=\dimen195 (locally)
\height=\dimen196 (locally)
\depth=\dimen197 (locally)
\totalheight=\dimen198 (locally)
\width=\dimen195 (locally)
\height=\dimen196 (locally)
\depth=\dimen197 (locally)
\totalheight=\dimen198 (locally)
\curly@height=\dimen195 (locally)
\half@curly@height=\dimen196 (locally)
\curly@shift=\dimen197 (locally)
\total@box@width=\dimen195 (locally)

Overfull \hbox (115.52065pt too wide) in paragraph at lines 157--158
[] 
 []



[2


{/usr/share/texmf/fonts/enc/dvips/lm/lm-mathex.enc}]

[3

{/usr/share/texmf/fonts/enc/dvips/lm/lm-mathit.enc}{/usr/share/texmf/fonts/enc/
dvips/lm/lm-rm.enc}{/usr/share/texmf/fonts/enc/dvips/lm/lm-mathsy.enc}]
LaTeX Font Info:    Trying to load font information for T1+lmtt on input line 2
20.

(/usr/share/texmf/tex/latex/lm/t1lmtt.fd
File: t1lmtt.fd 2015/05/01 v1.6.1 Font defs for Latin Modern
)
LaTeX Font Info:    Font shape `T1/lmtt/bx/n' in size <12> not available
(Font)              Font shape `T1/lmtt/b/n' tried instead on input line 220.

Underfull \hbox (badness 10000) in paragraph at lines 223--224

 []


Underfull \hbox (badness 10000) in paragraph at lines 223--224

 []


Overfull \hbox (33.68925pt too wide) in alignment at lines 238--243
 [] [] [] [] [] 
 []


Overfull \hbox (33.68925pt too wide) in alignment at lines 243--247
 [] [] [] [] [] 
 []


Overfull \hbox (33.68925pt too wide) in alignment at lines 247--287
 [] [] [] [] [] 
 []

LaTeX Font Info:    External font `lmex10' loaded for size
(Font)              <12> on input line 290.
LaTeX Font Info:    External font `lmex10' loaded for size
(Font)              <8> on input line 290.

Overfull \hbox (35.70892pt too wide) in alignment at lines 291--296
 [] [] [] [] [] 
 []


Overfull \hbox (35.70892pt too wide) in alignment at lines 296--300
 [] [] [] [] [] 
 []


! LaTeX Error: \mathrm allowed only in math mode.

See the LaTeX manual or LaTeX Companion for explanation.
Type  H <return>  for immediate help.
 ...                                              
                                                  
l.306 ...& vD, vA     & vD[i] $\leftarrow$ \mathrm
                                                  {conj}(vA[i])             ...

? 

Overfull \hbox (35.70892pt too wide) in alignment at lines 300--308
 [] [] [] [] [] 
 []



[4

]
Overfull \hbox (34.37543pt too wide) in alignment at lines 312--317
 [] [] [] [] [] 
 []


Overfull \hbox (34.37543pt too wide) in alignment at lines 317--321
 [] [] [] [] [] 
 []


LaTeX Warning: Command \= invalid in math mode on input line 323.

! Please use \mathaccent for accents in math mode.
\add@accent ... \let \ignorespaces \relax \accent 
                                                  #1 #2\egroup \ifmmode \els...
l.323 ...laystyle\sum_{i=0}^{\mathrm{VLEN}-1}\={A}
                                                  [i]\;\={B}[i]$ & Complex d...

? 

LaTeX Warning: Command \= invalid in math mode on input line 323.

! Please use \mathaccent for accents in math mode.
\add@accent ... \let \ignorespaces \relax \accent 
                                                  #1 #2\egroup \ifmmode \els...
l.323 ...um_{i=0}^{\mathrm{VLEN}-1}\={A}[i]\;\={B}
                                                  [i]$ & Complex dot (no con...

? 

LaTeX Warning: Command \= invalid in math mode on input line 325.

! Please use \mathaccent for accents in math mode.
\add@accent ... \let \ignorespaces \relax \accent 
                                                  #1 #2\egroup \ifmmode \els...
l.325 ...laystyle\sum_{i=0}^{\mathrm{VLEN}-1}\={A}
                                                  [i]$ & Complex sum; reduce...

? 

LaTeX Warning: Command \= invalid in math mode on input line 326.

! Please use \mathaccent for accents in math mode.
\add@accent ... \let \ignorespaces \relax \accent 
                                                  #1 #2\egroup \ifmmode \els...
l.326 ...e\sum_{i=0}^{\mathrm{VLEN}-1}\lvert \={A}
                                                  [i]\rvert,\; sD_{\mathrm{i...

? 

Overfull \hbox (34.37543pt too wide) in alignment at lines 321--328
 [] [] [] [] [] 
 []


Overfull \hbox (34.37543pt too wide) in alignment at lines 332--337
 [] [] [] [] [] 
 []


Overfull \hbox (34.37543pt too wide) in alignment at lines 337--341
 [] [] [] [] [] 
 []


Overfull \hbox (34.37543pt too wide) in alignment at lines 341--351
 [] [] [] [] [] 
 []



[5]
Overfull \hbox (33.68925pt too wide) in alignment at lines 355--359
 [] [] [] [] [] 
 []


Overfull \hbox (33.68925pt too wide) in alignment at lines 359--363
 [] [] [] [] [] 
 []


Overfull \hbox (33.68925pt too wide) in alignment at lines 363--367
 [] [] [] [] [] 
 []


Overfull \hbox (47.07043pt too wide) in alignment at lines 379--384
 [] [] [] [] [] 
 []


Overfull \hbox (47.07043pt too wide) in alignment at lines 384--388
 [] [] [] [] [] 
 []


Overfull \hbox (47.07043pt too wide) in alignment at lines 388--414
 [] [] [] [] [] 
 []


Overfull \hbox (33.68925pt too wide) in alignment at lines 419--424
 [] [] [] [] [] 
 []


Overfull \hbox (33.68925pt too wide) in alignment at lines 424--428
 [] [] [] [] [] 
 []


Overfull \hbox (33.68925pt too wide) in alignment at lines 428--433
 [] [] [] [] [] 
 []


Overfull \hbox (99.48625pt too wide) in alignment at lines 438--443
 [] [] [] [] [] 
 []


Overfull \hbox (99.48625pt too wide) in alignment at lines 443--447
 [] [] [] [] [] 
 []


Overfull \hbox (99.48625pt too wide) in alignment at lines 447--467
 [] [] [] [] [] 
 []



[6]

[7] (./spec.aux)
 ***********
LaTeX2e <2024-11-01> patch level 2
L3 programming layer <2025-01-18>
 ***********
 ) 
Here is how much of TeX's memory you used:
 5492 strings out of 473197
 89931 string characters out of 5718604
 509706 words of memory out of 5000000
 28637 multiletter control sequences out of 15000+600000
 638919 words of font info for 81 fonts, out of 8000000 for 9000
 1141 hyphenation exceptions out of 8191
 89i,19n,95p,424b,519s stack positions out of 10000i,1000n,20000p,200000b,200000s
</usr/share/texmf/fonts/type1/public/lm/lmbx10.pfb></usr/share/texmf/fonts/ty
pe1/public/lm/lmbx12.pfb></usr/share/texmf/fonts/type1/public/lm/lmbx9.pfb></us
r/share/texmf/fonts/type1/public/lm/lmex10.pfb></usr/share/texmf/fonts/type1/pu
blic/lm/lmmi10.pfb></usr/share/texmf/fonts/type1/public/lm/lmmi7.pfb></usr/shar
e/texmf/fonts/type1/public/lm/lmmi9.pfb></usr/share/texmf/fonts/type1/public/lm
/lmr10.pfb></usr/share/texmf/fonts/type1/public/lm/lmr12.pfb></usr/share/texmf/
fonts/type1/public/lm/lmr5.pfb></usr/share/texmf/fonts/type1/public/lm/lmr7.pfb
></usr/share/texmf/fonts/type1/public/lm/lmr9.pfb></usr/share/texmf/fonts/type1
/public/lm/lmri10.pfb></usr/share/texmf/fonts/type1/public/lm/lmsy10.pfb></usr/
share/texmf/fonts/type1/public/lm/lmsy7.pfb></usr/share/texmf/fonts/type1/publi
c/lm/lmtk10.pfb></usr/share/texmf/fonts/type1/public/lm/lmtt10.pfb>
Output written on spec.pdf (7 pages, 345094 bytes).
PDF statistics:
 130 PDF objects out of 1000 (max. 8388607)
 82 compressed objects within 1 object stream
 0 named destinations out of 1000 (max. 500000)
 1 words of extra memory for PDF output out of 10000 (max. 10000000)

